<?xml version="1.0" encoding="UTF-8"?>
<!-- Generated by org.testng.reporters.JUnitXMLReporter -->
<testsuite hostname="Gustavos-MacBook-Air.local" name="Test B2" tests="5" failures="0" timestamp="11 Nov 2016 22:25:31 GMT" time="0.391" errors="0">
  <testcase name="testB2" time="0.09" classname="Suite2.TestB2"/>
  <testcase name="testB2" time="0.052" classname="Suite2.TestB2"/>
  <testcase name="testB2" time="0.069" classname="Suite2.TestB2"/>
  <testcase name="testB2" time="0.091" classname="Suite2.TestB2">
    <skipped/>
  </testcase> <!-- testB2 -->
  <testcase name="testB2" time="0.049" classname="Suite2.TestB2">
    <skipped/>
  </testcase> <!-- testB2 -->
</testsuite> <!-- Test B2 -->
