<?xml version="1.0" encoding="UTF-8"?>
<!-- Generated by org.testng.reporters.JUnitXMLReporter -->
<testsuite hostname="Gustavos-MacBook-Air.local" name="Test B3" tests="4" failures="0" timestamp="11 Nov 2016 22:25:31 GMT" time="0.245" errors="0">
  <testcase name="testB3" time="0.051" classname="Suite2.TestB3">
    <skipped/>
  </testcase> <!-- testB3 -->
  <testcase name="testB3" time="0.043" classname="Suite2.TestB3">
    <skipped/>
  </testcase> <!-- testB3 -->
  <testcase name="testB3" time="0.049" classname="Suite2.TestB3"/>
  <testcase name="testB3" time="0.047" classname="Suite2.TestB3"/>
</testsuite> <!-- Test B3 -->
