<?xml version="1.0" encoding="UTF-8"?>
<!-- Generated by org.testng.reporters.JUnitXMLReporter -->
<testsuite hostname="Gustavos-MacBook-Air.local" name="Test A2" tests="5" failures="0" timestamp="11 Nov 2016 22:25:30 GMT" time="0.383" errors="0">
  <testcase name="testA2" time="0.091" classname="Suite1.TestA2"/>
  <testcase name="testA2" time="0.074" classname="Suite1.TestA2"/>
  <testcase name="testA2" time="0.055" classname="Suite1.TestA2"/>
  <testcase name="testA2" time="0.056" classname="Suite1.TestA2">
    <skipped/>
  </testcase> <!-- testA2 -->
  <testcase name="testA2" time="0.057" classname="Suite1.TestA2">
    <skipped/>
  </testcase> <!-- testA2 -->
</testsuite> <!-- Test A2 -->
