<?xml version="1.0" encoding="UTF-8"?>
<!-- Generated by org.testng.reporters.JUnitXMLReporter -->
<testsuite hostname="Gustavos-MacBook-Air.local" name="Test A3" tests="4" failures="0" timestamp="11 Nov 2016 22:25:30 GMT" time="0.264" errors="0">
  <testcase name="testA3" time="0.049" classname="Suite1.TestA3">
    <skipped/>
  </testcase> <!-- testA3 -->
  <testcase name="testA3" time="0.053" classname="Suite1.TestA3">
    <skipped/>
  </testcase> <!-- testA3 -->
  <testcase name="testA3" time="0.05" classname="Suite1.TestA3"/>
  <testcase name="testA3" time="0.073" classname="Suite1.TestA3"/>
</testsuite> <!-- Test A3 -->
