<?xml version="1.0" encoding="UTF-8"?>
<testng-results skipped="0" failed="0" total="1" passed="1">
  <reporter-output>
  </reporter-output>
  <suite name="Default suite" duration-ms="12007" started-at="2016-11-11T22:26:06Z" finished-at="2016-11-11T22:26:18Z">
    <groups>
    </groups>
    <test name="Default test" duration-ms="12007" started-at="2016-11-11T22:26:06Z" finished-at="2016-11-11T22:26:18Z">
      <class name="GitHub_Videos.LoginTest">
        <test-method status="PASS" signature="setUp()[pri:0, instance:GitHub_Videos.LoginTest@7494e528]" name="setUp" is-config="true" duration-ms="6208" started-at="2016-11-11T14:26:00Z" finished-at="2016-11-11T14:26:06Z">
          <reporter-output>
          </reporter-output>
        </test-method> <!-- setUp -->
        <test-method status="PASS" signature="doLogin()[pri:0, instance:GitHub_Videos.LoginTest@7494e528]" name="doLogin" duration-ms="11994" started-at="2016-11-11T14:26:06Z" finished-at="2016-11-11T14:26:18Z">
          <reporter-output>
          </reporter-output>
        </test-method> <!-- doLogin -->
        <test-method status="PASS" signature="tearDown()[pri:0, instance:GitHub_Videos.LoginTest@7494e528]" name="tearDown" is-config="true" duration-ms="0" started-at="2016-11-11T14:26:18Z" finished-at="2016-11-11T14:26:18Z">
          <reporter-output>
          </reporter-output>
        </test-method> <!-- tearDown -->
      </class> <!-- GitHub_Videos.LoginTest -->
    </test> <!-- Default test -->
  </suite> <!-- Default suite -->
</testng-results>
